#
# A fatal error has been detected by the Java Runtime Environment:
#
#  EXCEPTION_ACCESS_VIOLATION (0xc0000005) at pc=0x0000019795da1066, pid=12116, tid=0x0000000000003748
#
# JRE version: Java(TM) SE Runtime Environment (8.0_291-b10) (build 1.8.0_291-b10)
# Java VM: Java HotSpot(TM) 64-Bit Server VM (25.291-b10 mixed mode windows-amd64 compressed oops)
# Problematic frame:
# C  [OpenAL64.dll+0x11066]
#
# Failed to write core dump. Minidumps are not enabled by default on client versions of Windows
#
# If you would like to submit a bug report, please visit:
#   http://bugreport.java.com/bugreport/crash.jsp
# The crash happened outside the Java Virtual Machine in native code.
# See problematic frame for where to report the bug.
#

---------------  T H R E A D  ---------------

Current thread (0x00000197b5b1e000):  JavaThread "Thread-8" [_thread_in_native, id=14152, stack(0x0000009749900000,0x0000009749a00000)]

siginfo: ExceptionCode=0xc0000005, reading address 0x0000019794f89004

Registers:
RAX=0x0000000000000004, RBX=0x0000019797560090, RCX=0x0000019794f89008, RDX=0x0000019794f89004
RSP=0x00000097499feb40, RBP=0x00000000000000ff, RSI=0x0000019794f887fc, RDI=0x0000000000000000
R8 =0x0000000000000202, R9 =0x0000019794f887fc, R10=0x0000019780024c1b, R11=0x0000000053469de0
R12=0x0000000000000001, R13=0x000001979ed813f8, R14=0x00000097499fecd8, R15=0x00000197b5b1e000
RIP=0x0000019795da1066, EFLAGS=0x0000000000010202

Top of Stack: (sp=0x00000097499feb40)
0x00000097499feb40:   fffffffe00000000 00000197b5b1e000
0x00000097499feb50:   000001979ed813f8 0000000000000000
0x00000097499feb60:   000001979ed813f8 0000000000000000
0x00000097499feb70:   00000197b5b1e000 00000097499fecd8
0x00000097499feb80:   00000097499feca0 0000000053302dcb
0x00000097499feb90:   00000097499febc0 0000000000000013
0x00000097499feba0:   00000197b2397300 00000197feb1a620
0x00000097499febb0:   00000197b5b1e000 00000097499fecd8
0x00000097499febc0:   000001979ed813f8 0000000000000000
0x00000097499febd0:   0000019794f887fc 0000000081c1d340
0x00000097499febe0:   00000097499feca0 0000019795da248f
0x00000097499febf0:   0000019797560090 0000019797560090
0x00000097499fec00:   000001970000ac44 0000019700000004
0x00000097499fec10:   0000000000000010 0000019780024c47
0x00000097499fec20:   000001979ed813f8 0000019780024585
0x00000097499fec30:   000001979ed813f8 00000097499feca0 

Instructions: (pc=0x0000019795da1066)
0x0000019795da1046:   41 2b ec 81 3a 03 00 02 00 75 09 8b 01 89 84 24
0x0000019795da1056:   c8 00 00 00 49 83 c0 02 48 83 c1 08 4a 8d 14 86
0x0000019795da1066:   39 3a 75 af 4c 8d 84 24 c0 00 00 00 48 8d 15 d7
0x0000019795da1076:   2b 03 00 33 c9 e8 58 5f 00 00 b8 40 1f 00 00 4c 


Register to memory mapping:

RAX=0x0000000000000004 is an unknown value
RBX=0x0000019797560090 is an unknown value
RCX=0x0000019794f89008 is an unknown value
RDX=0x0000019794f89004 is an unknown value
RSP=0x00000097499feb40 is pointing into the stack for thread: 0x00000197b5b1e000
RBP=0x00000000000000ff is an unknown value
RSI=0x0000019794f887fc is an unknown value
RDI=0x0000000000000000 is an unknown value
R8 =0x0000000000000202 is an unknown value
R9 =0x0000019794f887fc is an unknown value
R10=0x0000019780024c1b is at code_begin+1915 in an Interpreter codelet
method entry point (kind = native)  [0x00000197800244a0, 0x0000019780025780]  4832 bytes
R11=0x0000000053469de0 is an unknown value
R12=0x0000000000000001 is an unknown value
R13={method} {0x000001979ed81400} 'nalcCreateContext' '(JJ)J' in 'org/lwjgl/openal/ALC10'
R14=0x00000097499fecd8 is pointing into the stack for thread: 0x00000197b5b1e000
R15=0x00000197b5b1e000 is a thread


Stack: [0x0000009749900000,0x0000009749a00000],  sp=0x00000097499feb40,  free space=1018k
Native frames: (J=compiled Java code, j=interpreted, Vv=VM code, C=native code)
C  [OpenAL64.dll+0x11066]
C  [OpenAL64.dll+0x1248f]
C  0x0000019780024c47

Java frames: (J=compiled Java code, j=interpreted, Vv=VM code)
j  org.lwjgl.openal.ALC10.nalcCreateContext(JJ)J+0
j  org.lwjgl.openal.ALC10.alcCreateContext(Lorg/lwjgl/openal/ALCdevice;Ljava/nio/IntBuffer;)Lorg/lwjgl/openal/ALCcontext;+8
j  org.lwjgl.openal.AL.init(Ljava/lang/String;IIZZ)V+69
j  org.lwjgl.openal.AL.create(Ljava/lang/String;IIZZ)V+227
j  org.lwjgl.openal.AL.create(Ljava/lang/String;IIZ)V+5
j  org.lwjgl.openal.AL.create()V+6
j  paulscode.sound.libraries.LibraryLWJGLOpenAL.init()V+2
j  paulscode.sound.SoundSystem.CommandNewLibrary(Ljava/lang/Class;)V+273
j  paulscode.sound.SoundSystem.CommandQueue(Lpaulscode/sound/CommandObject;)Z+1206
j  paulscode.sound.CommandThread.run()V+51
v  ~StubRoutines::call_stub

---------------  P R O C E S S  ---------------

Java Threads: ( => current thread )
  0x0000019793046800 JavaThread "Thread-9" [_thread_blocked, id=14632, stack(0x0000009749700000,0x0000009749800000)]
  0x0000019793043800 JavaThread "Keep-Alive-Timer" daemon [_thread_blocked, id=14036, stack(0x0000009749a00000,0x0000009749b00000)]
=>0x00000197b5b1e000 JavaThread "Thread-8" [_thread_in_native, id=14152, stack(0x0000009749900000,0x0000009749a00000)]
  0x00000197b2396000 JavaThread "Sound Library Loader" [_thread_blocked, id=9484, stack(0x0000009749800000,0x0000009749900000)]
  0x00000197fee7d800 JavaThread "LWJGL Timer" daemon [_thread_blocked, id=14020, stack(0x0000009749600000,0x0000009749700000)]
  0x000001979ff9c800 JavaThread "Thread-6" [_thread_blocked, id=13860, stack(0x0000009749400000,0x0000009749500000)]
  0x00000197947a2800 JavaThread "Java2D Disposer" daemon [_thread_blocked, id=13524, stack(0x0000009748c00000,0x0000009748d00000)]
  0x0000019790f41000 JavaThread "Timer hack thread" daemon [_thread_blocked, id=14688, stack(0x0000009748a00000,0x0000009748b00000)]
  0x000001979112e800 JavaThread "Snooper Timer" daemon [_thread_blocked, id=15172, stack(0x0000009748900000,0x0000009748a00000)]
  0x00000197feaf9000 JavaThread "Service Thread" daemon [_thread_blocked, id=7636, stack(0x0000009748700000,0x0000009748800000)]
  0x00000197feaf4800 JavaThread "C1 CompilerThread3" daemon [_thread_blocked, id=11176, stack(0x0000009748600000,0x0000009748700000)]
  0x00000197feb00800 JavaThread "C2 CompilerThread2" daemon [_thread_blocked, id=5128, stack(0x0000009748500000,0x0000009748600000)]
  0x00000197feaff800 JavaThread "C2 CompilerThread1" daemon [_thread_blocked, id=11120, stack(0x0000009748400000,0x0000009748500000)]
  0x00000197feafd000 JavaThread "C2 CompilerThread0" daemon [_thread_blocked, id=7156, stack(0x0000009748300000,0x0000009748400000)]
  0x00000197fc68c000 JavaThread "JDWP Command Reader" daemon [_thread_in_native, id=10552, stack(0x0000009748200000,0x0000009748300000)]
  0x00000197fc685000 JavaThread "JDWP Event Helper Thread" daemon [_thread_blocked, id=14824, stack(0x0000009748100000,0x0000009748200000)]
  0x00000197fc67c000 JavaThread "JDWP Transport Listener: dt_socket" daemon [_thread_blocked, id=12668, stack(0x0000009748000000,0x0000009748100000)]
  0x00000197fc658800 JavaThread "Attach Listener" daemon [_thread_blocked, id=12828, stack(0x0000009747f00000,0x0000009748000000)]
  0x00000197fc656000 JavaThread "Signal Dispatcher" daemon [_thread_blocked, id=6256, stack(0x0000009747e00000,0x0000009747f00000)]
  0x00000197fc638000 JavaThread "Finalizer" daemon [_thread_blocked, id=14420, stack(0x0000009747d00000,0x0000009747e00000)]
  0x00000197fc610800 JavaThread "Reference Handler" daemon [_thread_blocked, id=9516, stack(0x0000009747c00000,0x0000009747d00000)]
  0x00000197f536f800 JavaThread "Client thread" [_thread_in_native, id=11304, stack(0x0000009747200000,0x0000009747300000)]

Other Threads:
  0x00000197fc608000 VMThread [stack: 0x0000009747b00000,0x0000009747c00000] [id=11324]
  0x00000197fec10000 WatcherThread [stack: 0x0000009748800000,0x0000009748900000] [id=552]

VM state:not at safepoint (normal execution)

VM Mutex/Monitor currently owned by a thread: None

heap address: 0x0000000081c00000, size: 2020 MB, Compressed Oops mode: 32-bit
Narrow klass base: 0x0000000000000000, Narrow klass shift: 3
Compressed class space size: 1073741824 Address: 0x0000000100000000

Heap:
 PSYoungGen      total 338944K, used 250939K [0x00000000d5f00000, 0x00000000f0100000, 0x0000000100000000)
  eden space 299520K, 70% used [0x00000000d5f00000,0x00000000e2d91c78,0x00000000e8380000)
  from space 39424K, 99% used [0x00000000eb900000,0x00000000edf7d1e8,0x00000000edf80000)
  to   space 54784K, 0% used [0x00000000e8380000,0x00000000e8380000,0x00000000eb900000)
 ParOldGen       total 159232K, used 122132K [0x0000000081c00000, 0x000000008b780000, 0x00000000d5f00000)
  object space 159232K, 76% used [0x0000000081c00000,0x00000000893452b0,0x000000008b780000)
 Metaspace       used 29093K, capacity 29369K, committed 29824K, reserved 1075200K
  class space    used 3557K, capacity 3645K, committed 3712K, reserved 1048576K

Card table byte_map: [0x00000197f7200000,0x00000197f7600000] byte_map_base: 0x00000197f6df2000

Marking Bits: (ParMarkBitMap*) 0x0000000053a27fe0
 Begin Bits: [0x00000197f78b0000, 0x00000197f9840000)
 End Bits:   [0x00000197f9840000, 0x00000197fb7d0000)

Polling page: 0x00000197f5590000

CodeCache: size=245760Kb used=13684Kb max_used=14448Kb free=232075Kb
 bounds [0x0000019780000000, 0x0000019780e40000, 0x000001978f000000]
 total_blobs=3869 nmethods=3225 adapters=564
 compilation: enabled

Compilation events (10 events):
Event: 21.754 Thread 0x00000197feaf4800 4134       3       org.apache.logging.log4j.core.impl.Log4jLogEvent::<init> (37 bytes)
Event: 21.754 Thread 0x00000197feaf4800 nmethod 4134 0x00000197807e8b50 code [0x00000197807e8d00, 0x00000197807e9240]
Event: 21.754 Thread 0x00000197feaf4800 4135       3       org.apache.logging.log4j.core.impl.Log4jLogEvent::createMap (113 bytes)
Event: 21.757 Thread 0x00000197feaf4800 nmethod 4135 0x00000197807e0950 code [0x00000197807e0c20, 0x00000197807e2330]
Event: 21.762 Thread 0x00000197feafd000 nmethod 4124 0x00000197807dbdd0 code [0x00000197807dbf60, 0x00000197807dc9d8]
Event: 21.763 Thread 0x00000197feafd000 4129  s!   4       sun.misc.URLClassPath::getLoader (243 bytes)
Event: 21.775 Thread 0x00000197feaff800 nmethod 4118 0x0000019780c39850 code [0x0000019780c39ac0, 0x0000019780c3b1a0]
Event: 21.776 Thread 0x00000197feaff800 4121       4       org.objectweb.asm.tree.MethodNode::accept (916 bytes)
Event: 21.801 Thread 0x00000197feafd000 nmethod 4129 0x0000019780c36dd0 code [0x0000019780c37020, 0x0000019780c38870]
Event: 21.801 Thread 0x00000197feafd000 4126       4       org.eclipse.jdt.launching.internal.org.objectweb.asm.AnnotationWriter::putAnnotations (67 bytes)

GC Heap History (10 events):
Event: 9.008 GC heap before
{Heap before GC invocations=13 (full 2):
 PSYoungGen      total 194560K, used 189440K [0x00000000d5f00000, 0x00000000e5380000, 0x0000000100000000)
  eden space 189440K, 100% used [0x00000000d5f00000,0x00000000e1800000,0x00000000e1800000)
  from space 5120K, 0% used [0x00000000e4e80000,0x00000000e4e80000,0x00000000e5380000)
  to   space 8192K, 0% used [0x00000000e4380000,0x00000000e4380000,0x00000000e4b80000)
 ParOldGen       total 78336K, used 24420K [0x0000000081c00000, 0x0000000086880000, 0x00000000d5f00000)
  object space 78336K, 31% used [0x0000000081c00000,0x00000000833d9040,0x0000000086880000)
 Metaspace       used 25226K, capacity 25387K, committed 25728K, reserved 1071104K
  class space    used 3076K, capacity 3154K, committed 3200K, reserved 1048576K
Event: 9.028 GC heap after
Heap after GC invocations=13 (full 2):
 PSYoungGen      total 242176K, used 8186K [0x00000000d5f00000, 0x00000000e6e80000, 0x0000000100000000)
  eden space 233984K, 0% used [0x00000000d5f00000,0x00000000d5f00000,0x00000000e4380000)
  from space 8192K, 99% used [0x00000000e4380000,0x00000000e4b7e9b8,0x00000000e4b80000)
  to   space 9216K, 0% used [0x00000000e6580000,0x00000000e6580000,0x00000000e6e80000)
 ParOldGen       total 78336K, used 25019K [0x0000000081c00000, 0x0000000086880000, 0x00000000d5f00000)
  object space 78336K, 31% used [0x0000000081c00000,0x000000008346ec30,0x0000000086880000)
 Metaspace       used 25226K, capacity 25387K, committed 25728K, reserved 1071104K
  class space    used 3076K, capacity 3154K, committed 3200K, reserved 1048576K
}
Event: 14.234 GC heap before
{Heap before GC invocations=14 (full 2):
 PSYoungGen      total 242176K, used 242170K [0x00000000d5f00000, 0x00000000e6e80000, 0x0000000100000000)
  eden space 233984K, 100% used [0x00000000d5f00000,0x00000000e4380000,0x00000000e4380000)
  from space 8192K, 99% used [0x00000000e4380000,0x00000000e4b7e9b8,0x00000000e4b80000)
  to   space 9216K, 0% used [0x00000000e6580000,0x00000000e6580000,0x00000000e6e80000)
 ParOldGen       total 78336K, used 25019K [0x0000000081c00000, 0x0000000086880000, 0x00000000d5f00000)
  object space 78336K, 31% used [0x0000000081c00000,0x000000008346ec30,0x0000000086880000)
 Metaspace       used 26116K, capacity 26315K, committed 26624K, reserved 1073152K
  class space    used 3175K, capacity 3250K, committed 3328K, reserved 1048576K
Event: 14.271 GC heap after
Heap after GC invocations=14 (full 2):
 PSYoungGen      total 253440K, used 9187K [0x00000000d5f00000, 0x00000000ec380000, 0x0000000100000000)
  eden space 244224K, 0% used [0x00000000d5f00000,0x00000000d5f00000,0x00000000e4d80000)
  from space 9216K, 99% used [0x00000000e6580000,0x00000000e6e78d38,0x00000000e6e80000)
  to   space 24576K, 0% used [0x00000000e4d80000,0x00000000e4d80000,0x00000000e6580000)
 ParOldGen       total 78336K, used 63418K [0x0000000081c00000, 0x0000000086880000, 0x00000000d5f00000)
  object space 78336K, 80% used [0x0000000081c00000,0x00000000859eea10,0x0000000086880000)
 Metaspace       used 26116K, capacity 26315K, committed 26624K, reserved 1073152K
  class space    used 3175K, capacity 3250K, committed 3328K, reserved 1048576K
}
Event: 14.271 GC heap before
{Heap before GC invocations=15 (full 3):
 PSYoungGen      total 253440K, used 9187K [0x00000000d5f00000, 0x00000000ec380000, 0x0000000100000000)
  eden space 244224K, 0% used [0x00000000d5f00000,0x00000000d5f00000,0x00000000e4d80000)
  from space 9216K, 99% used [0x00000000e6580000,0x00000000e6e78d38,0x00000000e6e80000)
  to   space 24576K, 0% used [0x00000000e4d80000,0x00000000e4d80000,0x00000000e6580000)
 ParOldGen       total 78336K, used 63418K [0x0000000081c00000, 0x0000000086880000, 0x00000000d5f00000)
  object space 78336K, 80% used [0x0000000081c00000,0x00000000859eea10,0x0000000086880000)
 Metaspace       used 26116K, capacity 26315K, committed 26624K, reserved 1073152K
  class space    used 3175K, capacity 3250K, committed 3328K, reserved 1048576K
Event: 14.431 GC heap after
Heap after GC invocations=15 (full 3):
 PSYoungGen      total 253440K, used 0K [0x00000000d5f00000, 0x00000000ec380000, 0x0000000100000000)
  eden space 244224K, 0% used [0x00000000d5f00000,0x00000000d5f00000,0x00000000e4d80000)
  from space 9216K, 0% used [0x00000000e6580000,0x00000000e6580000,0x00000000e6e80000)
  to   space 24576K, 0% used [0x00000000e4d80000,0x00000000e4d80000,0x00000000e6580000)
 ParOldGen       total 159232K, used 68854K [0x0000000081c00000, 0x000000008b780000, 0x00000000d5f00000)
  object space 159232K, 43% used [0x0000000081c00000,0x0000000085f3d9d8,0x000000008b780000)
 Metaspace       used 26116K, capacity 26315K, committed 26624K, reserved 1073152K
  class space    used 3175K, capacity 3250K, committed 3328K, reserved 1048576K
}
Event: 17.275 GC heap before
{Heap before GC invocations=16 (full 3):
 PSYoungGen      total 253440K, used 244224K [0x00000000d5f00000, 0x00000000ec380000, 0x0000000100000000)
  eden space 244224K, 100% used [0x00000000d5f00000,0x00000000e4d80000,0x00000000e4d80000)
  from space 9216K, 0% used [0x00000000e6580000,0x00000000e6580000,0x00000000e6e80000)
  to   space 24576K, 0% used [0x00000000e4d80000,0x00000000e4d80000,0x00000000e6580000)
 ParOldGen       total 159232K, used 68854K [0x0000000081c00000, 0x000000008b780000, 0x00000000d5f00000)
  object space 159232K, 43% used [0x0000000081c00000,0x0000000085f3d9d8,0x000000008b780000)
 Metaspace       used 26122K, capacity 26315K, committed 26624K, reserved 1073152K
  class space    used 3175K, capacity 3250K, committed 3328K, reserved 1048576K
Event: 17.320 GC heap after
Heap after GC invocations=16 (full 3):
 PSYoungGen      total 268800K, used 24568K [0x00000000d5f00000, 0x00000000edf80000, 0x0000000100000000)
  eden space 244224K, 0% used [0x00000000d5f00000,0x00000000d5f00000,0x00000000e4d80000)
  from space 24576K, 99% used [0x00000000e4d80000,0x00000000e657e050,0x00000000e6580000)
  to   space 39424K, 0% used [0x00000000eb900000,0x00000000eb900000,0x00000000edf80000)
 ParOldGen       total 159232K, used 99293K [0x0000000081c00000, 0x000000008b780000, 0x00000000d5f00000)
  object space 159232K, 62% used [0x0000000081c00000,0x0000000087cf7768,0x000000008b780000)
 Metaspace       used 26122K, capacity 26315K, committed 26624K, reserved 1073152K
  class space    used 3175K, capacity 3250K, committed 3328K, reserved 1048576K
}
Event: 19.926 GC heap before
{Heap before GC invocations=17 (full 3):
 PSYoungGen      total 268800K, used 268792K [0x00000000d5f00000, 0x00000000edf80000, 0x0000000100000000)
  eden space 244224K, 100% used [0x00000000d5f00000,0x00000000e4d80000,0x00000000e4d80000)
  from space 24576K, 99% used [0x00000000e4d80000,0x00000000e657e050,0x00000000e6580000)
  to   space 39424K, 0% used [0x00000000eb900000,0x00000000eb900000,0x00000000edf80000)
 ParOldGen       total 159232K, used 99293K [0x0000000081c00000, 0x000000008b780000, 0x00000000d5f00000)
  object space 159232K, 62% used [0x0000000081c00000,0x0000000087cf7768,0x000000008b780000)
 Metaspace       used 26167K, capacity 26379K, committed 26880K, reserved 1073152K
  class space    used 3176K, capacity 3250K, committed 3328K, reserved 1048576K
Event: 19.975 GC heap after
Heap after GC invocations=17 (full 3):
 PSYoungGen      total 338944K, used 39412K [0x00000000d5f00000, 0x00000000f0100000, 0x0000000100000000)
  eden space 299520K, 0% used [0x00000000d5f00000,0x00000000d5f00000,0x00000000e8380000)
  from space 39424K, 99% used [0x00000000eb900000,0x00000000edf7d1e8,0x00000000edf80000)
  to   space 54784K, 0% used [0x00000000e8380000,0x00000000e8380000,0x00000000eb900000)
 ParOldGen       total 159232K, used 122132K [0x0000000081c00000, 0x000000008b780000, 0x00000000d5f00000)
  object space 159232K, 76% used [0x0000000081c00000,0x00000000893452b0,0x000000008b780000)
 Metaspace       used 26167K, capacity 26379K, committed 26880K, reserved 1073152K
  class space    used 3176K, capacity 3250K, committed 3328K, reserved 1048576K
}

Deoptimization events (10 events):
Event: 21.141 Thread 0x00000197f536f800 Uncommon trap: reason=unstable_if action=reinterpret pc=0x00000197803c9008 method=java.net.URI.match(CJJ)Z @ 32
Event: 21.193 Thread 0x00000197f536f800 Uncommon trap: reason=unstable_if action=reinterpret pc=0x000001978066e01c method=com.google.common.base.Splitter$SplittingIterator.computeNext()Ljava/lang/String; @ 193
Event: 21.308 Thread 0x00000197f536f800 Uncommon trap: reason=unstable_if action=reinterpret pc=0x00000197801f64e4 method=org.objectweb.asm.MethodWriter.<init>(Lorg/objectweb/asm/ClassWriter;ILjava/lang/String;Ljava/lang/String;Ljava/lang/String;[Ljava/lang/String;ZZ)V @ 180
Event: 21.308 Thread 0x00000197f536f800 Uncommon trap: reason=unstable_if action=reinterpret pc=0x00000197808a622c method=org.objectweb.asm.MethodWriter.visitVarInsn(II)V @ 15
Event: 21.308 Thread 0x00000197f536f800 Uncommon trap: reason=unstable_if action=reinterpret pc=0x00000197809d6a90 method=org.objectweb.asm.MethodWriter.visitFieldInsn(ILjava/lang/String;Ljava/lang/String;Ljava/lang/String;)V @ 28
Event: 21.308 Thread 0x00000197f536f800 Uncommon trap: reason=unstable_if action=reinterpret pc=0x00000197808b6a18 method=org.objectweb.asm.MethodWriter.visitInsn(I)V @ 24
Event: 21.308 Thread 0x00000197f536f800 Uncommon trap: reason=unstable_if action=reinterpret pc=0x0000019780895c54 method=org.objectweb.asm.MethodWriter.visitMaxs(II)V @ 627
Event: 21.351 Thread 0x00000197b381d800 Uncommon trap: reason=unstable_if action=reinterpret pc=0x00000197806478c4 method=java.lang.ThreadLocal.get()Ljava/lang/Object; @ 11
Event: 21.469 Thread 0x00000197b2396000 Uncommon trap: reason=unstable_if action=reinterpret pc=0x00000197808bd288 method=java.lang.ThreadLocal.get()Ljava/lang/Object; @ 11
Event: 21.547 Thread 0x00000197b381d800 Uncommon trap: reason=unstable_if action=reinterpret pc=0x000001978044dadc method=sun.net.www.MessageHeader.grow()V @ 4

Classes redefined (0 events):
No events

Internal exceptions (10 events):
Event: 21.769 Thread 0x00000197b5b1e000 Exception <a 'org/lwjgl/LWJGLException'> (0x00000000e1fea500) thrown at [C:\jenkins\workspace\8-2-build-windows-amd64-cygwin\jdk8u291\1294\hotspot\src\share\vm\prims\jni.cpp, line 710]
Event: 21.769 Thread 0x00000197b5b1e000 Exception <a 'org/lwjgl/LWJGLException'> (0x00000000e1feaa00) thrown at [C:\jenkins\workspace\8-2-build-windows-amd64-cygwin\jdk8u291\1294\hotspot\src\share\vm\prims\jni.cpp, line 710]
Event: 21.769 Thread 0x00000197b5b1e000 Exception <a 'org/lwjgl/LWJGLException'> (0x00000000e1feb028) thrown at [C:\jenkins\workspace\8-2-build-windows-amd64-cygwin\jdk8u291\1294\hotspot\src\share\vm\prims\jni.cpp, line 710]
Event: 21.769 Thread 0x00000197b5b1e000 Exception <a 'org/lwjgl/LWJGLException'> (0x00000000e1feb678) thrown at [C:\jenkins\workspace\8-2-build-windows-amd64-cygwin\jdk8u291\1294\hotspot\src\share\vm\prims\jni.cpp, line 710]
Event: 21.770 Thread 0x00000197b5b1e000 Exception <a 'org/lwjgl/LWJGLException'> (0x00000000e1febc28) thrown at [C:\jenkins\workspace\8-2-build-windows-amd64-cygwin\jdk8u291\1294\hotspot\src\share\vm\prims\jni.cpp, line 710]
Event: 21.770 Thread 0x00000197b5b1e000 Exception <a 'org/lwjgl/LWJGLException'> (0x00000000e1fec2c0) thrown at [C:\jenkins\workspace\8-2-build-windows-amd64-cygwin\jdk8u291\1294\hotspot\src\share\vm\prims\jni.cpp, line 710]
Event: 21.770 Thread 0x00000197b5b1e000 Exception <a 'org/lwjgl/LWJGLException'> (0x00000000e1fec8d0) thrown at [C:\jenkins\workspace\8-2-build-windows-amd64-cygwin\jdk8u291\1294\hotspot\src\share\vm\prims\jni.cpp, line 710]
Event: 21.770 Thread 0x00000197b5b1e000 Exception <a 'org/lwjgl/LWJGLException'> (0x00000000e1feced0) thrown at [C:\jenkins\workspace\8-2-build-windows-amd64-cygwin\jdk8u291\1294\hotspot\src\share\vm\prims\jni.cpp, line 710]
Event: 21.770 Thread 0x00000197b5b1e000 Exception <a 'org/lwjgl/LWJGLException'> (0x00000000e1fed3e8) thrown at [C:\jenkins\workspace\8-2-build-windows-amd64-cygwin\jdk8u291\1294\hotspot\src\share\vm\prims\jni.cpp, line 710]
Event: 21.774 Thread 0x00000197b5b1e000 Exception <a 'org/lwjgl/LWJGLException'> (0x00000000e1fed978) thrown at [C:\jenkins\workspace\8-2-build-windows-amd64-cygwin\jdk8u291\1294\hotspot\src\share\vm\prims\jni.cpp, line 710]

Events (10 events):
Event: 21.801 Thread 0x00000197feafd000 flushing nmethod 0x000001978014e1d0
Event: 21.801 Thread 0x00000197feafd000 flushing nmethod 0x00000197801674d0
Event: 21.801 loading class org/lwjgl/openal/OpenALException
Event: 21.801 loading class org/lwjgl/openal/OpenALException done
Event: 21.801 Thread 0x00000197b5b1e000 DEOPT PACKING pc=0x00000197802ae2c1 sp=0x00000097499fcb60
Event: 21.801 Thread 0x00000197b5b1e000 DEOPT UNPACKING pc=0x0000019780047898 sp=0x00000097499fc8b0 mode 1
Event: 21.801 Thread 0x00000197b5b1e000 DEOPT PACKING pc=0x0000019780239b0c sp=0x00000097499fcbe0
Event: 21.801 Thread 0x00000197b5b1e000 DEOPT UNPACKING pc=0x0000019780047898 sp=0x00000097499fca00 mode 1
Event: 21.801 Thread 0x00000197b5b1e000 DEOPT PACKING pc=0x000001978023989c sp=0x00000097499fcd70
Event: 21.801 Thread 0x00000197b5b1e000 DEOPT UNPACKING pc=0x0000019780047898 sp=0x00000097499fcb90 mode 1


Dynamic libraries:
0x00007ff6d4750000 - 0x00007ff6d4797000 	C:\Program Files\Java\jre1.8.0_291\bin\javaw.exe
0x00007ffff5a90000 - 0x00007ffff5c85000 	C:\WINDOWS\SYSTEM32\ntdll.dll
0x00007ffff5220000 - 0x00007ffff52dd000 	C:\WINDOWS\System32\KERNEL32.DLL
0x00007ffff3260000 - 0x00007ffff3529000 	C:\WINDOWS\System32\KERNELBASE.dll
0x00007ffff3ca0000 - 0x00007ffff3d4c000 	C:\WINDOWS\System32\ADVAPI32.dll
0x00007ffff5180000 - 0x00007ffff521e000 	C:\WINDOWS\System32\msvcrt.dll
0x00007ffff5010000 - 0x00007ffff50ab000 	C:\WINDOWS\System32\sechost.dll
0x00007ffff3fb0000 - 0x00007ffff40da000 	C:\WINDOWS\System32\RPCRT4.dll
0x00007ffff3b00000 - 0x00007ffff3ca0000 	C:\WINDOWS\System32\USER32.dll
0x00007ffff31d0000 - 0x00007ffff31f2000 	C:\WINDOWS\System32\win32u.dll
0x00007ffff5a20000 - 0x00007ffff5a4a000 	C:\WINDOWS\System32\GDI32.dll
0x00007ffff39a0000 - 0x00007ffff3aab000 	C:\WINDOWS\System32\gdi32full.dll
0x00007ffff3790000 - 0x00007ffff382d000 	C:\WINDOWS\System32\msvcp_win.dll
0x00007ffff3530000 - 0x00007ffff3630000 	C:\WINDOWS\System32\ucrtbase.dll
0x00007fffdd790000 - 0x00007fffdda2a000 	C:\WINDOWS\WinSxS\amd64_microsoft.windows.common-controls_6595b64144ccf1df_6.0.19041.1110_none_60b5254171f9507e\COMCTL32.dll
0x00007ffff4d80000 - 0x00007ffff4db0000 	C:\WINDOWS\System32\IMM32.DLL
0x00007fffd4330000 - 0x00007fffd4345000 	C:\Program Files\Java\jre1.8.0_291\bin\vcruntime140.dll
0x00007fffb8e50000 - 0x00007fffb8eeb000 	C:\Program Files\Java\jre1.8.0_291\bin\msvcp140.dll
0x0000000053240000 - 0x0000000053aa0000 	C:\Program Files\Java\jre1.8.0_291\bin\server\jvm.dll
0x00007ffff3fa0000 - 0x00007ffff3fa8000 	C:\WINDOWS\System32\PSAPI.DLL
0x00007fffec0e0000 - 0x00007fffec0ea000 	C:\WINDOWS\SYSTEM32\VERSION.dll
0x00007fffba5f0000 - 0x00007fffba5f9000 	C:\WINDOWS\SYSTEM32\WSOCK32.dll
0x00007fffdca70000 - 0x00007fffdca97000 	C:\WINDOWS\SYSTEM32\WINMM.dll
0x00007ffff50b0000 - 0x00007ffff511b000 	C:\WINDOWS\System32\WS2_32.dll
0x00007ffff1da0000 - 0x00007ffff1db2000 	C:\WINDOWS\SYSTEM32\kernel.appcore.dll
0x00007fffed770000 - 0x00007fffed780000 	C:\Program Files\Java\jre1.8.0_291\bin\verify.dll
0x00007fffcf4e0000 - 0x00007fffcf50b000 	C:\Program Files\Java\jre1.8.0_291\bin\java.dll
0x00007fffb8e10000 - 0x00007fffb8e46000 	C:\Program Files\Java\jre1.8.0_291\bin\jdwp.dll
0x00007fffeb0a0000 - 0x00007fffeb0a9000 	C:\Program Files\Java\jre1.8.0_291\bin\npt.dll
0x00007fffce680000 - 0x00007fffce6b0000 	C:\Program Files\Java\jre1.8.0_291\bin\instrument.dll
0x00007fffcf1e0000 - 0x00007fffcf1f8000 	C:\Program Files\Java\jre1.8.0_291\bin\zip.dll
0x00007ffff52e0000 - 0x00007ffff5a1f000 	C:\WINDOWS\System32\SHELL32.dll
0x00007ffff0f40000 - 0x00007ffff16d1000 	C:\WINDOWS\SYSTEM32\windows.storage.dll
0x00007ffff49c0000 - 0x00007ffff4d15000 	C:\WINDOWS\System32\combase.dll
0x00007ffff2c40000 - 0x00007ffff2c6c000 	C:\WINDOWS\SYSTEM32\Wldp.dll
0x00007ffff4240000 - 0x00007ffff42ee000 	C:\WINDOWS\System32\SHCORE.dll
0x00007ffff5120000 - 0x00007ffff5175000 	C:\WINDOWS\System32\shlwapi.dll
0x00007ffff3110000 - 0x00007ffff312f000 	C:\WINDOWS\SYSTEM32\profapi.dll
0x00007fffddbc0000 - 0x00007fffddbca000 	C:\Program Files\Java\jre1.8.0_291\bin\dt_socket.dll
0x00007fffc6c60000 - 0x00007fffc6c77000 	C:\WINDOWS\system32\napinsp.dll
0x00007fffc6ba0000 - 0x00007fffc6bbb000 	C:\WINDOWS\system32\pnrpnsp.dll
0x00007fffc64c0000 - 0x00007fffc64d5000 	C:\WINDOWS\system32\wshbth.dll
0x00007fffefec0000 - 0x00007fffefedd000 	C:\WINDOWS\system32\NLAapi.dll
0x00007ffff2640000 - 0x00007ffff267b000 	C:\WINDOWS\SYSTEM32\IPHLPAPI.DLL
0x00007ffff29a0000 - 0x00007ffff2a0a000 	C:\WINDOWS\System32\mswsock.dll
0x00007ffff2690000 - 0x00007ffff275c000 	C:\WINDOWS\SYSTEM32\DNSAPI.dll
0x00007ffff43e0000 - 0x00007ffff43e8000 	C:\WINDOWS\System32\NSI.dll
0x00007fffc61a0000 - 0x00007fffc61b2000 	C:\WINDOWS\System32\winrnr.dll
0x00007fffe6f10000 - 0x00007fffe6f8f000 	C:\WINDOWS\System32\fwpuclnt.dll
0x00007ffff38e0000 - 0x00007ffff3907000 	C:\WINDOWS\System32\bcrypt.dll
0x00007fffe5310000 - 0x00007fffe531a000 	C:\Windows\System32\rasadhlp.dll
0x00007fffdc2f0000 - 0x00007fffdc2fd000 	C:\Program Files\Java\jre1.8.0_291\bin\management.dll
0x00007fffceee0000 - 0x00007fffceefc000 	C:\Program Files\Java\jre1.8.0_291\bin\net.dll
0x00007fffcc7a0000 - 0x00007fffcc7b3000 	C:\Program Files\Java\jre1.8.0_291\bin\nio.dll
0x0000000180000000 - 0x0000000180051000 	C:\Users\ealih\.gradle\caches\minecraft\net\minecraft\minecraft_natives\1.7.10\lwjgl64.dll
0x00007fffc3380000 - 0x00007fffc34a5000 	C:\WINDOWS\SYSTEM32\OPENGL32.dll
0x00007fffcd240000 - 0x00007fffcd26c000 	C:\WINDOWS\SYSTEM32\GLU32.dll
0x00007ffff2b80000 - 0x00007ffff2b98000 	C:\WINDOWS\SYSTEM32\CRYPTSP.dll
0x00007ffff22d0000 - 0x00007ffff2304000 	C:\WINDOWS\system32\rsaenh.dll
0x00007ffff30d0000 - 0x00007ffff30fe000 	C:\WINDOWS\SYSTEM32\USERENV.dll
0x00007ffff3910000 - 0x00007ffff3993000 	C:\WINDOWS\System32\bcryptprimitives.dll
0x00007ffff2ba0000 - 0x00007ffff2bac000 	C:\WINDOWS\SYSTEM32\CRYPTBASE.dll
0x00007fffec790000 - 0x00007fffec7a7000 	C:\WINDOWS\SYSTEM32\dhcpcsvc6.DLL
0x00007fffec770000 - 0x00007fffec78d000 	C:\WINDOWS\SYSTEM32\dhcpcsvc.DLL
0x00007fff766f0000 - 0x00007fff76885000 	C:\Program Files\Java\jre1.8.0_291\bin\awt.dll
0x00007ffff4870000 - 0x00007ffff493d000 	C:\WINDOWS\System32\OLEAUT32.dll
0x00007fffefee0000 - 0x00007fffeff70000 	C:\WINDOWS\SYSTEM32\apphelp.dll
0x00007fffed970000 - 0x00007fffeda1e000 	C:\WINDOWS\SYSTEM32\mscms.dll
0x00007fffed810000 - 0x00007fffed821000 	C:\WINDOWS\SYSTEM32\ColorAdapterClient.dll
0x00007ffff4f60000 - 0x00007ffff5009000 	C:\WINDOWS\System32\clbcatq.dll
0x00007fffe7100000 - 0x00007fffe7144000 	C:\Windows\System32\Windows.Internal.Graphics.Display.DisplayColorManagement.dll
0x00007ffff3ab0000 - 0x00007ffff3afe000 	C:\WINDOWS\System32\cfgmgr32.dll
0x00007ffff0850000 - 0x00007ffff08ee000 	C:\WINDOWS\system32\uxtheme.dll
0x00007ffff3e80000 - 0x00007ffff3f95000 	C:\WINDOWS\System32\MSCTF.dll
0x00007fffec960000 - 0x00007fffeca59000 	C:\Windows\System32\AppXDeploymentClient.dll
0x00007fff71550000 - 0x00007fff74230000 	C:\WINDOWS\System32\DriverStore\FileRepository\nvlt.inf_amd64_04baa46c48be5bb8\nvoglv64.dll
0x00007ffff43f0000 - 0x00007ffff4859000 	C:\WINDOWS\System32\SETUPAPI.dll
0x00007ffff3d50000 - 0x00007ffff3e7a000 	C:\WINDOWS\System32\ole32.dll
0x00007fffefea0000 - 0x00007fffefeb4000 	C:\WINDOWS\SYSTEM32\WTSAPI32.dll
0x00007ffff2dc0000 - 0x00007ffff2dd2000 	C:\WINDOWS\SYSTEM32\msasn1.dll
0x00007fffec080000 - 0x00007fffec0b1000 	C:\WINDOWS\SYSTEM32\cryptnet.dll
0x00007ffff3630000 - 0x00007ffff378f000 	C:\WINDOWS\System32\CRYPT32.dll
0x00007ffff2f80000 - 0x00007ffff2fac000 	C:\WINDOWS\System32\DEVOBJ.dll
0x00007ffff3200000 - 0x00007ffff3260000 	C:\WINDOWS\System32\WINTRUST.dll
0x00007ffff1f00000 - 0x00007ffff1f33000 	C:\WINDOWS\SYSTEM32\ntmarta.dll
0x00007fffec210000 - 0x00007fffec24b000 	C:\WINDOWS\SYSTEM32\dxcore.dll
0x00007fffabbf0000 - 0x00007fffabea9000 	C:\WINDOWS\system32\nvspcap64.dll
0x00007ffff0a70000 - 0x00007ffff0a9f000 	C:\WINDOWS\SYSTEM32\dwmapi.dll
0x00007fffe90d0000 - 0x00007fffe91c9000 	C:\WINDOWS\SYSTEM32\textinputframework.dll
0x00007fffef430000 - 0x00007fffef78e000 	C:\WINDOWS\System32\CoreUIComponents.dll
0x00007fffefb10000 - 0x00007fffefc02000 	C:\WINDOWS\System32\CoreMessaging.dll
0x00007fffee0e0000 - 0x00007fffee234000 	C:\WINDOWS\SYSTEM32\wintypes.dll
0x00007fffab6e0000 - 0x00007fffab723000 	C:\WINDOWS\SYSTEM32\icm32.dll
0x00007ffff2760000 - 0x00007ffff27ab000 	C:\WINDOWS\SYSTEM32\powrprof.dll
0x00007ffff2620000 - 0x00007ffff2632000 	C:\WINDOWS\SYSTEM32\UMPDC.dll
0x00007ffff2110000 - 0x00007ffff216a000 	C:\WINDOWS\SYSTEM32\WINSTA.dll
0x00007ffff1ae0000 - 0x00007ffff1bd4000 	C:\WINDOWS\system32\dxgi.dll
0x00007fffee780000 - 0x00007fffee9e4000 	C:\WINDOWS\system32\d3d11.dll
0x00007fffc0630000 - 0x00007fffc0732000 	C:\WINDOWS\System32\DriverStore\FileRepository\nvlt.inf_amd64_04baa46c48be5bb8\nvldumdx.dll
0x00007ffff49a0000 - 0x00007ffff49bd000 	C:\WINDOWS\System32\imagehlp.dll
0x00007fff6ea80000 - 0x00007fff71541000 	C:\WINDOWS\System32\DriverStore\FileRepository\nvlt.inf_amd64_04baa46c48be5bb8\nvwgf2umx.dll
0x00007fffe80e0000 - 0x00007fffe87b6000 	C:\WINDOWS\SYSTEM32\nvapi64.dll
0x00007fffe25d0000 - 0x00007fffe3c42000 	C:\WINDOWS\System32\DriverStore\FileRepository\iigd_dch.inf_amd64_5d54dd32fa1ef4d4\igd10iumd64.dll
0x00007ffff2cb0000 - 0x00007ffff2cd7000 	C:\WINDOWS\SYSTEM32\ncrypt.dll
0x00007ffff2c70000 - 0x00007ffff2cab000 	C:\WINDOWS\SYSTEM32\NTASN1.dll
0x00007fffe6240000 - 0x00007fffe647f000 	C:\WINDOWS\System32\DriverStore\FileRepository\iigd_dch.inf_amd64_5d54dd32fa1ef4d4\igdgmm64.dll
0x00007fffd9720000 - 0x00007fffdc2e9000 	C:\WINDOWS\System32\DriverStore\FileRepository\iigd_dch.inf_amd64_5d54dd32fa1ef4d4\igc64.dll
0x0000000070a40000 - 0x0000000070adc000 	C:\Users\ealih\.gradle\caches\minecraft\net\minecraft\minecraft_natives\1.7.10\avutil-ttv-51.dll
0x0000000065980000 - 0x00000000659d6000 	C:\Users\ealih\.gradle\caches\minecraft\net\minecraft\minecraft_natives\1.7.10\swresample-ttv-0.dll
0x000000006eb80000 - 0x000000006ec50000 	C:\Users\ealih\.gradle\caches\minecraft\net\minecraft\minecraft_natives\1.7.10\libmp3lame-ttv.dll
0x00007fff6a870000 - 0x00007fff6bc14000 	C:\Users\ealih\.gradle\caches\minecraft\net\minecraft\minecraft_natives\1.7.10\libmfxsw64.dll
0x00007fff6d730000 - 0x00007fff6d85b000 	C:\Users\ealih\.gradle\caches\minecraft\net\minecraft\minecraft_natives\1.7.10\twitchsdk.dll
0x00007fffdeae0000 - 0x00007fffdefbd000 	C:\WINDOWS\SYSTEM32\WININET.dll
0x0000019795d90000 - 0x0000019795df4000 	C:\Users\ealih\.gradle\caches\minecraft\net\minecraft\minecraft_natives\1.7.10\OpenAL64.dll
0x00007fffeb830000 - 0x00007fffeb8b5000 	C:\WINDOWS\System32\MMDevApi.dll
0x00007fffb9210000 - 0x00007fffb92ac000 	C:\WINDOWS\SYSTEM32\dsound.dll
0x00007fffdf240000 - 0x00007fffdf266000 	C:\WINDOWS\SYSTEM32\winmmbase.dll
0x00007fffdcb80000 - 0x00007fffdcd01000 	C:\WINDOWS\SYSTEM32\AUDIOSES.DLL
0x00007ffff17b0000 - 0x00007ffff1994000 	C:\WINDOWS\SYSTEM32\dbghelp.dll

VM Arguments:
jvm_args: -agentlib:jdwp=transport=dt_socket,suspend=y,address=localhost:62373 -javaagent:D:\Programmy\Eclipse\eclipse\configuration\org.eclipse.osgi\222\0\.cp\lib\javaagent-shaded.jar -Dfile.encoding=Cp1251 
java_command: GradleStart
java_class_path (initial): D:\Личные файлы\modding\forge-1.7.10-10.13.4.1614-1.7.10-src\bin;C:\Users\ealih\.gradle\caches\minecraft\net\minecraftforge\forge\1.7.10-10.13.4.1614-1.7.10\forgeSrc-1.7.10-10.13.4.1614-1.7.10.jar;C:\Users\ealih\.gradle\caches\modules-2\files-2.1\net.minecraft\launchwrapper\1.12\111e7bea9c968cdb3d06ef4632bf7ff0824d0f36\launchwrapper-1.12.jar;C:\Users\ealih\.gradle\caches\modules-2\files-2.1\com.google.code.findbugs\jsr305\1.3.9\40719ea6961c0cb6afaeb6a921eaa1f6afd4cfdf\jsr305-1.3.9.jar;C:\Users\ealih\.gradle\caches\modules-2\files-2.1\org.ow2.asm\asm-debug-all\5.0.3\f9e364ae2a66ce2a543012a4668856e84e5dab74\asm-debug-all-5.0.3.jar;C:\Users\ealih\.gradle\caches\modules-2\files-2.1\com.typesafe.akka\akka-actor_2.11\2.3.3\ed62e9fc709ca0f2ff1a3220daa8b70a2870078e\akka-actor_2.11-2.3.3.jar;C:\Users\ealih\.gradle\caches\modules-2\files-2.1\com.typesafe\config\1.2.1\f771f71fdae3df231bcd54d5ca2d57f0bf93f467\config-1.2.1.jar;C:\Users\ealih\.gradle\caches\modules-2\files-2.1\org.scala-lang\scala-actors-migration_2.11\1.1.0\dfa8bc42b181d5b9f1a5dd147f8ae308b893eb6f\scala-actors-migration_2.11-1.1.0.jar;C:\Users\ealih\.gradle\caches\modules-2\files-2.1\org.scala-lang\scala-compiler\2.11.1\56ea2e6c025e0821f28d73ca271218b8dd04926a\scala-compiler-2.11.1.jar;C:\Users\ealih\.gradle\caches\modules-2\files-2.1\org.scala-lang.plugins\scala-continuations-library_2.11\1.0.2\e517c53a7e9acd6b1668c5a35eccbaa3bab9aac\scala-continuations-library_2.11-1.0.2.jar;C:\Users\ealih\.gradle\caches\modules-2\files-2.1\org.scala-lang.plugins\scala-continuations-plugin_2.11.1\1.0.2\f361a3283452c57fa30c1ee69448995de23c60f7\scala-continuations-plugin_2.11.1-1.0.2.jar;C:\Users\ealih\.gradle\caches\modules-2\files-2.1\org.scala-lang\scala-library\2.11.1\e11da23da3eabab9f4777b9220e60d44c1aab6a\scala-library-2.11.1.jar;C:\Users\ealih\.gradle\caches\modules-2\files-2.1\org.scala-lang\scala-parser-combinators_2.11\1.0.1\f05d7345bf5a58924f2837c6c1f4d73a938e1ff0\scala-parser-combinators_
Launcher Type: SUN_STANDARD

Environment Variables:
JAVA_HOME=C:\Program Files\Java\jdk1.8.0_291
PATH=C:\Program Files\Common Files\Oracle\Java\javapath;C:\Program Files (x86)\Common Files\Oracle\Java\javapath;D:\app\ealih\virtual\product\12.2.0\dbhome_1\bin;D:\Programmy\Oracle\product\bin;C:\Program Files\Python38\Scripts\;C:\Program Files\Python38\;C:\ProgramData\Oracle\Java\javapath;C:\Windows\system32;C:\Windows;C:\Windows\System32\Wbem;C:\Windows\System32\WindowsPowerShell\v1.0\;C:\Windows\System32\OpenSSH\;C:\Program Files (x86)\NVIDIA Corporation\PhysX\Common;C:\Program Files\NVIDIA Corporation\NVIDIA NvDLISR;C:\Program Files\dotnet\;C:\Program Files (x86)\Microsoft SQL Server\150\DTS\Binn\;C:\Program Files\Microsoft SQL Server\130\Tools\Binn\;C:\Program Files\Microsoft SQL Server\Client SDK\ODBC\170\Tools\Binn\;C:\Program Files\Microsoft SQL Server\Client SDK\ODBC\130\Tools\Binn\;C:\Program Files (x86)\Microsoft SQL Server\140\Tools\Binn\;C:\Program Files\Microsoft SQL Server\140\Tools\Binn\;C:\Program Files\Microsoft SQL Server\140\DTS\Binn\;D:\Программы\nodejs\;C:\ProgramData\ComposerSetup\bin;D:\Programmy\OpenServer\OSPanel\modules\php\PHP_7.4;D:\Programmy\nodejs;C:\WINDOWS\system32;C:\WINDOWS;C:\WINDOWS\System32\Wbem;C:\WINDOWS\System32\WindowsPowerShell\v1.0\;C:\WINDOWS\System32\OpenSSH\;%JAVA_HOME%\bin;C:\Users\ealih\AppData\Local\Microsoft\WindowsApps;C:\Users\ealih\AppData\Local\Programs\Microsoft VS Code\bin;C:\Users\ealih\AppData\Roaming\npm;C:\Program Files\JetBrains\PyCharm Community Edition 2020.2.2\bin;;C:\Program Files\JetBrains\PhpStorm 2020.2.1\bin;;C:\Users\ealih\AppData\Roaming\Composer\vendor\bin;D:\Programmy\nodejs;D:\Programmy\IntelliJ IDEA 2020.2.4\bin;;
USERNAME=ealih
OS=Windows_NT
PROCESSOR_IDENTIFIER=Intel64 Family 6 Model 158 Stepping 10, GenuineIntel



---------------  S Y S T E M  ---------------

OS: Windows 10.0 , 64 bit Build 19041 (10.0.19041.1023)

CPU:total 8 (initial active 8) (4 cores per cpu, 2 threads per core) family 6 model 158 stepping 10, cmov, cx8, fxsr, mmx, sse, sse2, sse3, ssse3, sse4.1, sse4.2, popcnt, avx, avx2, aes, clmul, erms, 3dnowpref, lzcnt, ht, tsc, tscinvbit, bmi1, bmi2, adx

Memory: 4k page, physical 8265972k(3611160k free), swap 16535092k(3051304k free)

vm_info: Java HotSpot(TM) 64-Bit Server VM (25.291-b10) for windows-amd64 JRE (1.8.0_291-b10), built on Apr  9 2021 00:02:00 by "java_re" with MS VC++ 15.9 (VS2017)

time: Sat Aug 14 01:54:46 2021
timezone: Центральная Азия (зима)
elapsed time: 22.017026 seconds (0d 0h 0m 22s)

